yarn run v1.22.21
$ storybook build --output-dir /var/folders/kg/r7w_gv9n0bs_l62bg9c6g9d00000gn/T/chromatic--31299-4MPPu7uLgkJo
@storybook/cli v7.6.17

info => Cleaning outputDir: /var/folders/kg/r7w_gv9n0bs_l62bg9c6g9d00000gn/T/chromatic--31299-4MPPu7uLgkJo
info => Loading presets
info => Building manager..
info => Manager built (83 ms)
info => Building preview..
info => Copying static files: /Users/matteosantavicca/Development/learnstorybook-design-system/node_modules/@storybook/manager/static at /var/folders/kg/r7w_gv9n0bs_l62bg9c6g9d00000gn/T/chromatic--31299-4MPPu7uLgkJo/sb-common-assets
vite v4.3.9 building for production...
transforming...
✓ 633 modules transformed.
rendering chunks...
computing gzip size...
../../../../var/folders/kg/r7w_gv9n0bs_l62bg9c6g9d00000gn/T/chromatic--31299-4MPPu7uLgkJo/assets/youtube-9f26eb0b.svg                                                   0.72 kB │ gzip:   0.36 kB
../../../../var/folders/kg/r7w_gv9n0bs_l62bg9c6g9d00000gn/T/chromatic--31299-4MPPu7uLgkJo/assets/tutorials-adff6365.svg                                                 1.27 kB │ gzip:   0.63 kB
../../../../var/folders/kg/r7w_gv9n0bs_l62bg9c6g9d00000gn/T/chromatic--31299-4MPPu7uLgkJo/assets/discord-f7d1b78c.svg                                                   2.41 kB │ gzip:   1.15 kB
../../../../var/folders/kg/r7w_gv9n0bs_l62bg9c6g9d00000gn/T/chromatic--31299-4MPPu7uLgkJo/assets/github-cdfc3270.svg                                                    2.72 kB │ gzip:   1.28 kB
../../../../var/folders/kg/r7w_gv9n0bs_l62bg9c6g9d00000gn/T/chromatic--31299-4MPPu7uLgkJo/assets/context-c612d889.png                                                   6.12 kB
../../../../var/folders/kg/r7w_gv9n0bs_l62bg9c6g9d00000gn/T/chromatic--31299-4MPPu7uLgkJo/assets/styling-c83082e0.png                                                   7.24 kB
../../../../var/folders/kg/r7w_gv9n0bs_l62bg9c6g9d00000gn/T/chromatic--31299-4MPPu7uLgkJo/iframe.html                                                                  12.76 kB │ gzip:   3.59 kB
../../../../var/folders/kg/r7w_gv9n0bs_l62bg9c6g9d00000gn/T/chromatic--31299-4MPPu7uLgkJo/assets/docs-5b0c7100.png                                                     27.88 kB
../../../../var/folders/kg/r7w_gv9n0bs_l62bg9c6g9d00000gn/T/chromatic--31299-4MPPu7uLgkJo/assets/share-b59d6c77.png                                                    40.77 kB
../../../../var/folders/kg/r7w_gv9n0bs_l62bg9c6g9d00000gn/T/chromatic--31299-4MPPu7uLgkJo/assets/accessibility-cd6d60f7.png                                            42.34 kB
../../../../var/folders/kg/r7w_gv9n0bs_l62bg9c6g9d00000gn/T/chromatic--31299-4MPPu7uLgkJo/assets/figma-plugin-b0a5ad2d.png                                             44.25 kB
../../../../var/folders/kg/r7w_gv9n0bs_l62bg9c6g9d00000gn/T/chromatic--31299-4MPPu7uLgkJo/assets/theming-b6e819c3.png                                                  44.37 kB
../../../../var/folders/kg/r7w_gv9n0bs_l62bg9c6g9d00000gn/T/chromatic--31299-4MPPu7uLgkJo/assets/testing-6a59f681.png                                                  49.31 kB
../../../../var/folders/kg/r7w_gv9n0bs_l62bg9c6g9d00000gn/T/chromatic--31299-4MPPu7uLgkJo/assets/addon-library-bc7ba705.png                                           467.37 kB
../../../../var/folders/kg/r7w_gv9n0bs_l62bg9c6g9d00000gn/T/chromatic--31299-4MPPu7uLgkJo/assets/Header-a6911580.css                                                    0.51 kB │ gzip:   0.31 kB
../../../../var/folders/kg/r7w_gv9n0bs_l62bg9c6g9d00000gn/T/chromatic--31299-4MPPu7uLgkJo/assets/Button-bc1a867b.css                                                    0.52 kB │ gzip:   0.29 kB
../../../../var/folders/kg/r7w_gv9n0bs_l62bg9c6g9d00000gn/T/chromatic--31299-4MPPu7uLgkJo/assets/Page.stories-ece1482a.css                                              0.93 kB │ gzip:   0.39 kB
../../../../var/folders/kg/r7w_gv9n0bs_l62bg9c6g9d00000gn/T/chromatic--31299-4MPPu7uLgkJo/assets/emotion-use-insertion-effect-with-fallbacks.browser.esm-cdebb298.js    0.18 kB │ gzip:   0.16 kB
../../../../var/folders/kg/r7w_gv9n0bs_l62bg9c6g9d00000gn/T/chromatic--31299-4MPPu7uLgkJo/assets/index-3685aeb7.js                                                      0.21 kB │ gzip:   0.17 kB
../../../../var/folders/kg/r7w_gv9n0bs_l62bg9c6g9d00000gn/T/chromatic--31299-4MPPu7uLgkJo/assets/_commonjsHelpers-725317a4.js                                           0.24 kB │ gzip:   0.18 kB
../../../../var/folders/kg/r7w_gv9n0bs_l62bg9c6g9d00000gn/T/chromatic--31299-4MPPu7uLgkJo/assets/extends-98964cd2.js                                                    0.24 kB │ gzip:   0.19 kB
../../../../var/folders/kg/r7w_gv9n0bs_l62bg9c6g9d00000gn/T/chromatic--31299-4MPPu7uLgkJo/assets/index-dc1d5b46.js                                                      0.49 kB │ gzip:   0.31 kB
../../../../var/folders/kg/r7w_gv9n0bs_l62bg9c6g9d00000gn/T/chromatic--31299-4MPPu7uLgkJo/assets/WithTooltip-V3YHNWJZ-4af2aed2.js                                       0.51 kB │ gzip:   0.28 kB
../../../../var/folders/kg/r7w_gv9n0bs_l62bg9c6g9d00000gn/T/chromatic--31299-4MPPu7uLgkJo/assets/syntaxhighlighter-B5GMVT5T-21feab6b.js                                 0.52 kB │ gzip:   0.30 kB
../../../../var/folders/kg/r7w_gv9n0bs_l62bg9c6g9d00000gn/T/chromatic--31299-4MPPu7uLgkJo/assets/react-18-170c9fcf.js                                                   0.55 kB │ gzip:   0.34 kB
../../../../var/folders/kg/r7w_gv9n0bs_l62bg9c6g9d00000gn/T/chromatic--31299-4MPPu7uLgkJo/assets/preview-22b4d0fa.js                                                    0.57 kB │ gzip:   0.38 kB
../../../../var/folders/kg/r7w_gv9n0bs_l62bg9c6g9d00000gn/T/chromatic--31299-4MPPu7uLgkJo/assets/preview-f7308943.js                                                    0.62 kB │ gzip:   0.38 kB
../../../../var/folders/kg/r7w_gv9n0bs_l62bg9c6g9d00000gn/T/chromatic--31299-4MPPu7uLgkJo/assets/preview-73104b77.js                                                    0.64 kB │ gzip:   0.44 kB
../../../../var/folders/kg/r7w_gv9n0bs_l62bg9c6g9d00000gn/T/chromatic--31299-4MPPu7uLgkJo/assets/index-356e4a49.js                                                      0.77 kB │ gzip:   0.47 kB
../../../../var/folders/kg/r7w_gv9n0bs_l62bg9c6g9d00000gn/T/chromatic--31299-4MPPu7uLgkJo/assets/index-2baff29e.js                                                      0.80 kB │ gzip:   0.52 kB
../../../../var/folders/kg/r7w_gv9n0bs_l62bg9c6g9d00000gn/T/chromatic--31299-4MPPu7uLgkJo/assets/styles-969f1f37.js                                                     0.85 kB │ gzip:   0.52 kB
../../../../var/folders/kg/r7w_gv9n0bs_l62bg9c6g9d00000gn/T/chromatic--31299-4MPPu7uLgkJo/assets/preview-0ef86afd.js                                                    0.86 kB │ gzip:   0.55 kB
../../../../var/folders/kg/r7w_gv9n0bs_l62bg9c6g9d00000gn/T/chromatic--31299-4MPPu7uLgkJo/assets/jsx-runtime-bc5d6cf6.js                                                0.97 kB │ gzip:   0.60 kB
../../../../var/folders/kg/r7w_gv9n0bs_l62bg9c6g9d00000gn/T/chromatic--31299-4MPPu7uLgkJo/assets/Header.stories-518db060.js                                             1.00 kB │ gzip:   0.51 kB
../../../../var/folders/kg/r7w_gv9n0bs_l62bg9c6g9d00000gn/T/chromatic--31299-4MPPu7uLgkJo/assets/entry-preview-a94de739.js                                              1.15 kB │ gzip:   0.67 kB
../../../../var/folders/kg/r7w_gv9n0bs_l62bg9c6g9d00000gn/T/chromatic--31299-4MPPu7uLgkJo/assets/animation-93db4f8f.js                                                  1.21 kB │ gzip:   0.40 kB
../../../../var/folders/kg/r7w_gv9n0bs_l62bg9c6g9d00000gn/T/chromatic--31299-4MPPu7uLgkJo/assets/emotion-react.browser.esm-da5d36c9.js                                  1.24 kB │ gzip:   0.70 kB
../../../../var/folders/kg/r7w_gv9n0bs_l62bg9c6g9d00000gn/T/chromatic--31299-4MPPu7uLgkJo/assets/DocsRenderer-NNNQARDV-fb41bbab.js                                      1.39 kB │ gzip:   0.74 kB
../../../../var/folders/kg/r7w_gv9n0bs_l62bg9c6g9d00000gn/T/chromatic--31299-4MPPu7uLgkJo/assets/Button-313cf9b0.js                                                     1.46 kB │ gzip:   0.68 kB
../../../../var/folders/kg/r7w_gv9n0bs_l62bg9c6g9d00000gn/T/chromatic--31299-4MPPu7uLgkJo/assets/Button.stories-3c5aefc8.js                                             1.66 kB │ gzip:   0.64 kB
../../../../var/folders/kg/r7w_gv9n0bs_l62bg9c6g9d00000gn/T/chromatic--31299-4MPPu7uLgkJo/assets/Header-e114a4c4.js                                                     1.68 kB │ gzip:   0.82 kB
../../../../var/folders/kg/r7w_gv9n0bs_l62bg9c6g9d00000gn/T/chromatic--31299-4MPPu7uLgkJo/assets/preview-77a968f3.js                                                    2.53 kB │ gzip:   1.29 kB
../../../../var/folders/kg/r7w_gv9n0bs_l62bg9c6g9d00000gn/T/chromatic--31299-4MPPu7uLgkJo/assets/StoryLinkWrapper-64c9ec46.js                                           2.54 kB │ gzip:   1.26 kB
../../../../var/folders/kg/r7w_gv9n0bs_l62bg9c6g9d00000gn/T/chromatic--31299-4MPPu7uLgkJo/assets/index-11d98b33.js                                                      2.59 kB │ gzip:   1.26 kB
../../../../var/folders/kg/r7w_gv9n0bs_l62bg9c6g9d00000gn/T/chromatic--31299-4MPPu7uLgkJo/assets/preview-errors-dde4324f.js                                             2.80 kB │ gzip:   1.29 kB
../../../../var/folders/kg/r7w_gv9n0bs_l62bg9c6g9d00000gn/T/chromatic--31299-4MPPu7uLgkJo/assets/Icon.stories-8b724ed4.js                                               3.20 kB │ gzip:   1.25 kB
../../../../var/folders/kg/r7w_gv9n0bs_l62bg9c6g9d00000gn/T/chromatic--31299-4MPPu7uLgkJo/assets/preview-30b54f76.js                                                    3.21 kB │ gzip:   1.37 kB
../../../../var/folders/kg/r7w_gv9n0bs_l62bg9c6g9d00000gn/T/chromatic--31299-4MPPu7uLgkJo/assets/Badge.stories-b83f16d5.js                                              4.89 kB │ gzip:   1.59 kB
../../../../var/folders/kg/r7w_gv9n0bs_l62bg9c6g9d00000gn/T/chromatic--31299-4MPPu7uLgkJo/assets/Avatar.stories-5b41a3d3.js                                             6.82 kB │ gzip:   2.21 kB
../../../../var/folders/kg/r7w_gv9n0bs_l62bg9c6g9d00000gn/T/chromatic--31299-4MPPu7uLgkJo/assets/index-c013ead5.js                                                      7.16 kB │ gzip:   2.91 kB
../../../../var/folders/kg/r7w_gv9n0bs_l62bg9c6g9d00000gn/T/chromatic--31299-4MPPu7uLgkJo/assets/Link.stories-91d23b7c.js                                               7.29 kB │ gzip:   2.29 kB
../../../../var/folders/kg/r7w_gv9n0bs_l62bg9c6g9d00000gn/T/chromatic--31299-4MPPu7uLgkJo/assets/preview-da31036b.js                                                    7.62 kB │ gzip:   1.56 kB
../../../../var/folders/kg/r7w_gv9n0bs_l62bg9c6g9d00000gn/T/chromatic--31299-4MPPu7uLgkJo/assets/iframe-b61b09af.js                                                     8.21 kB │ gzip:   2.00 kB
../../../../var/folders/kg/r7w_gv9n0bs_l62bg9c6g9d00000gn/T/chromatic--31299-4MPPu7uLgkJo/assets/preview-c56bf6ac.js                                                    8.28 kB │ gzip:   3.16 kB
../../../../var/folders/kg/r7w_gv9n0bs_l62bg9c6g9d00000gn/T/chromatic--31299-4MPPu7uLgkJo/assets/polished.esm-ed3ce7df.js                                              10.68 kB │ gzip:   3.81 kB
../../../../var/folders/kg/r7w_gv9n0bs_l62bg9c6g9d00000gn/T/chromatic--31299-4MPPu7uLgkJo/assets/Configure-193fd006.js                                                 17.09 kB │ gzip:   7.75 kB
../../../../var/folders/kg/r7w_gv9n0bs_l62bg9c6g9d00000gn/T/chromatic--31299-4MPPu7uLgkJo/assets/emotion-react-jsx-runtime.browser.esm-70191a0a.js                     17.47 kB │ gzip:   7.05 kB
../../../../var/folders/kg/r7w_gv9n0bs_l62bg9c6g9d00000gn/T/chromatic--31299-4MPPu7uLgkJo/assets/Button.stories-0065184a.js                                            22.48 kB │ gzip:   3.89 kB
../../../../var/folders/kg/r7w_gv9n0bs_l62bg9c6g9d00000gn/T/chromatic--31299-4MPPu7uLgkJo/assets/Color-6VNJS4EI-e2537106.js                                            31.12 kB │ gzip:  11.68 kB
../../../../var/folders/kg/r7w_gv9n0bs_l62bg9c6g9d00000gn/T/chromatic--31299-4MPPu7uLgkJo/assets/preview-c82afb13.js                                                   72.16 kB │ gzip:  24.38 kB
../../../../var/folders/kg/r7w_gv9n0bs_l62bg9c6g9d00000gn/T/chromatic--31299-4MPPu7uLgkJo/assets/index-f889f612.js                                                     78.40 kB │ gzip:  23.41 kB
../../../../var/folders/kg/r7w_gv9n0bs_l62bg9c6g9d00000gn/T/chromatic--31299-4MPPu7uLgkJo/assets/index-169ee69c.js                                                    134.07 kB │ gzip:  43.20 kB
../../../../var/folders/kg/r7w_gv9n0bs_l62bg9c6g9d00000gn/T/chromatic--31299-4MPPu7uLgkJo/assets/Icon-19295267.js                                                     140.16 kB │ gzip:  51.41 kB
../../../../var/folders/kg/r7w_gv9n0bs_l62bg9c6g9d00000gn/T/chromatic--31299-4MPPu7uLgkJo/assets/entry-preview-docs-92153c76.js                                       321.86 kB │ gzip:  98.71 kB
../../../../var/folders/kg/r7w_gv9n0bs_l62bg9c6g9d00000gn/T/chromatic--31299-4MPPu7uLgkJo/assets/index-40f8ff93.js                                                    528.10 kB │ gzip: 171.69 kB
../../../../var/folders/kg/r7w_gv9n0bs_l62bg9c6g9d00000gn/T/chromatic--31299-4MPPu7uLgkJo/assets/Page.stories-89a11052.js                                             564.24 kB │ gzip: 149.37 kB
../../../../var/folders/kg/r7w_gv9n0bs_l62bg9c6g9d00000gn/T/chromatic--31299-4MPPu7uLgkJo/assets/formatter-SWP5E3XI-9f2855be.js                                       601.70 kB │ gzip: 185.07 kB
✓ built in 5.54s
info => Preview built (6.16 s)
info => Output directory: /var/folders/kg/r7w_gv9n0bs_l62bg9c6g9d00000gn/T/chromatic--31299-4MPPu7uLgkJo
Done in 7.88s.
